<?xml version="1.0" encoding="UTF-8"?>
<!-- Generated by org.testng.reporters.JUnitXMLReporter -->
<testsuite ignored="0" hostname="LAPTOP-PCPDROLR" failures="0" tests="5" name="Default test" time="99.831" errors="0" timestamp="2022-11-09T18:50:58 SAST">
  <testcase classname="ui.TestFindHotel" name="loadUrl" time="15.764"/>
  <testcase classname="ui.TestFindHotel" name="selectDestinationAndSearch" time="55.235"/>
  <testcase classname="ui.TestFindHotel" name="selectDates" time="27.907"/>
  <testcase classname="ui.TestFindHotel" name="search" time="0.702"/>
  <testcase classname="ui.TestFindHotel" name="clickHotelonBudget" time="0.056"/>
</testsuite> <!-- Default test -->
