<?xml version="1.0" encoding="UTF-8"?>
<testng-results ignored="0" total="5" passed="5" failed="0" skipped="0">
  <reporter-output>
  </reporter-output>
  <suite started-at="2022-11-09T18:49:18 SAST" name="Default suite" finished-at="2022-11-09T18:50:57 SAST" duration-ms="99831">
    <groups>
    </groups>
    <test started-at="2022-11-09T18:49:18 SAST" name="Default test" finished-at="2022-11-09T18:50:57 SAST" duration-ms="99831">
      <class name="ui.TestFindHotel">
        <test-method is-config="true" signature="launchBrowser()[pri:0, instance:ui.TestFindHotel@48f2bd5b]" started-at="2022-11-09T18:48:58 SAST" name="launchBrowser" description="Initialise the webdriver based on browser pramater" finished-at="2022-11-09T18:49:18 SAST" duration-ms="19105" status="PASS">
          <reporter-output>
          </reporter-output>
        </test-method> <!-- launchBrowser -->
        <test-method signature="loadUrl()[pri:1, instance:ui.TestFindHotel@48f2bd5b]" started-at="2022-11-09T18:49:18 SAST" name="loadUrl" description="load the URL page from booking.com" finished-at="2022-11-09T18:49:33 SAST" duration-ms="15764" status="PASS">
          <reporter-output>
          </reporter-output>
        </test-method> <!-- loadUrl -->
        <test-method signature="selectDestinationAndSearch()[pri:2, instance:ui.TestFindHotel@48f2bd5b]" started-at="2022-11-09T18:49:33 SAST" name="selectDestinationAndSearch" description="Enter destination(Colombia), then selct dates and fire the search" finished-at="2022-11-09T18:50:29 SAST" depends-on-methods="ui.TestFindHotel.loadUrl" duration-ms="55235" status="PASS">
          <reporter-output>
          </reporter-output>
        </test-method> <!-- selectDestinationAndSearch -->
        <test-method signature="selectDates()[pri:3, instance:ui.TestFindHotel@48f2bd5b]" started-at="2022-11-09T18:50:29 SAST" name="selectDates" description="select travel dates" finished-at="2022-11-09T18:50:57 SAST" depends-on-methods="ui.TestFindHotel.selectDestinationAndSearch" duration-ms="27907" status="PASS">
          <reporter-output>
          </reporter-output>
        </test-method> <!-- selectDates -->
        <test-method signature="search()[pri:4, instance:ui.TestFindHotel@48f2bd5b]" started-at="2022-11-09T18:50:57 SAST" name="search" description="click on search buttin" finished-at="2022-11-09T18:50:57 SAST" depends-on-methods="ui.TestFindHotel.selectDates" duration-ms="702" status="PASS">
          <reporter-output>
          </reporter-output>
        </test-method> <!-- search -->
        <test-method signature="clickHotelonBudget()[pri:5, instance:ui.TestFindHotel@48f2bd5b]" started-at="2022-11-09T18:50:57 SAST" name="clickHotelonBudget" description="scroll and find right priced hotel, then stop and click it" finished-at="2022-11-09T18:50:57 SAST" depends-on-methods="ui.TestFindHotel.search" duration-ms="56" status="PASS">
          <reporter-output>
          </reporter-output>
        </test-method> <!-- clickHotelonBudget -->
      </class> <!-- ui.TestFindHotel -->
    </test> <!-- Default test -->
  </suite> <!-- Default suite -->
</testng-results>
